<?xml version="1.0" encoding="UTF-8"?>
<!-- Generated by org.testng.reporters.JUnitReportReporter -->
<testsuite hostname="amin-virtual-machine" failures="0" tests="1" name="com.marriott.ui.tests.regressionTests.LookUpMemberNumberTest" time="59.770" errors="0" timestamp="2026-08-17T12:51:21 EDT" skipped="0">
  <testcase classname="com.marriott.ui.tests.regressionTests.LookUpMemberNumberTest" name="testLookUpMemberNumber" time="59.770"/>
</testsuite> <!-- com.marriott.ui.tests.regressionTests.LookUpMemberNumberTest -->
