<?xml version="1.0" encoding="UTF-8"?>
<testng-results ignored="0" total="1" passed="1" failed="0" skipped="0">
  <reporter-output>
  </reporter-output>
  <suite started-at="2026-08-17T12:50:21 EDT" name="Surefire suite" finished-at="2026-08-17T12:51:20 EDT" duration-ms="59885">
    <groups>
    </groups>
    <test started-at="2026-08-17T12:50:21 EDT" name="Surefire test" finished-at="2026-08-17T12:51:20 EDT" duration-ms="59885">
      <class name="com.marriott.ui.tests.regressionTests.LookUpMemberNumberTest">
        <test-method is-config="true" signature="setUp()[pri:0, instance:com.marriott.ui.tests.regressionTests.LookUpMemberNumberTest@226a82c4]" started-at="2026-08-17T12:50:21 EDT" name="setUp" finished-at="2026-08-17T12:50:38 EDT" duration-ms="17018" status="PASS">
          <reporter-output>
          </reporter-output>
        </test-method> <!-- setUp -->
        <test-method is-config="true" signature="initializePageObjects()[pri:0, instance:com.marriott.ui.tests.regressionTests.LookUpMemberNumberTest@226a82c4]" started-at="2026-08-17T12:50:38 EDT" name="initializePageObjects" finished-at="2026-08-17T12:50:38 EDT" duration-ms="293" status="PASS">
          <reporter-output>
          </reporter-output>
        </test-method> <!-- initializePageObjects -->
        <test-method signature="testLookUpMemberNumber()[pri:0, instance:com.marriott.ui.tests.regressionTests.LookUpMemberNumberTest@226a82c4]" started-at="2026-08-17T12:50:38 EDT" name="testLookUpMemberNumber" finished-at="2026-08-17T12:51:19 EDT" duration-ms="41314" status="PASS">
          <reporter-output>
          </reporter-output>
        </test-method> <!-- testLookUpMemberNumber -->
        <test-method is-config="true" signature="tearDown()[pri:0, instance:com.marriott.ui.tests.regressionTests.LookUpMemberNumberTest@226a82c4]" started-at="2026-08-17T12:51:19 EDT" name="tearDown" finished-at="2026-08-17T12:51:20 EDT" duration-ms="1145" status="PASS">
          <reporter-output>
          </reporter-output>
        </test-method> <!-- tearDown -->
      </class> <!-- com.marriott.ui.tests.regressionTests.LookUpMemberNumberTest -->
    </test> <!-- Surefire test -->
  </suite> <!-- Surefire suite -->
</testng-results>
