<?xml version="1.0" encoding="UTF-8"?>
<testsuite xmlns:xsi="http://www.w3.org/2001/XMLSchema-instance" xsi:noNamespaceSchemaLocation="https://maven.apache.org/surefire/maven-surefire-plugin/xsd/surefire-test-report-3.0.xsd" version="3.0" name="com.marriott.ui.tests.regressionTests.LookUpMemberNumberTest" time="61.175" tests="1" errors="0" skipped="0" failures="0">
  <properties>
[...]
</properties>
  <testcase name="testLookUpMemberNumber" classname="com.marriott.ui.tests.regressionTests.LookUpMemberNumberTest" time="41.324">
    <system-out><![CDATA[Loaded settings file: /home/amin/projects/Marriott-IT/automation/ui-tests/settings/local/marriott-dev-settings.xml
]]></system-out>
    <system-err><![CDATA[SLF4J: Failed to load class "org.slf4j.impl.StaticLoggerBinder".
SLF4J: Defaulting to no-operation (NOP) logger implementation
SLF4J: See http://www.slf4j.org/codes.html#StaticLoggerBinder for further details.
Aug 17, 2026 12:50:26 PM org.openqa.selenium.devtools.CdpVersionFinder findNearestMatch
WARNING: Unable to find CDP implementation matching 150
Aug 17, 2026 12:50:26 PM org.openqa.selenium.chromium.ChromiumDriver lambda$new$5
WARNING: Unable to find version of CDP to use for 150.0.7871.46. You may need to include a dependency on a specific version of the CDP using something similar to `org.seleniumhq.selenium:selenium-devtools-v86:4.21.0` where the version ("v86") matches the version of the chromium-based browser you're using and the version number of the artifact is the same as Selenium's.
Aug 17, 2026 12:50:38 PM com.marriott.ui.tests.regressionTests.LookUpMemberNumberTest logger
INFO: Precondition: Initialize the list of Marriott Bonvoy Page Objects
Aug 17, 2026 12:50:38 PM com.marriott.ui.tests.regressionTests.LookUpMemberNumberTest logger
INFO: Step-1: Verify user is on Marriott Bonvoy Dashboard
Aug 17, 2026 12:50:46 PM com.marriott.ui.tests.regressionTests.LookUpMemberNumberTest logger
INFO: Step-2: Click Sign In or Join button
Aug 17, 2026 12:50:59 PM com.marriott.ui.tests.regressionTests.LookUpMemberNumberTest logger
INFO: Step-3: Verify Sign In page object initialized
Aug 17, 2026 12:50:59 PM com.marriott.ui.tests.regressionTests.LookUpMemberNumberTest logger
INFO: Step-4: Verify Activate online account link is displayed
Aug 17, 2026 12:51:00 PM com.marriott.ui.tests.regressionTests.LookUpMemberNumberTest logger
INFO: Step-5: Click Activate online account link
Aug 17, 2026 12:51:01 PM com.marriott.ui.tests.regressionTests.LookUpMemberNumberTest logger
INFO: Step-6: Verify Activate Online Account page object initialized
Aug 17, 2026 12:51:01 PM com.marriott.ui.tests.regressionTests.LookUpMemberNumberTest logger
INFO: Step-7: Verify Look up member number link is displayed
Aug 17, 2026 12:51:03 PM com.marriott.ui.tests.regressionTests.LookUpMemberNumberTest logger
INFO: Step-8: Verify Look up member number link is enabled
Aug 17, 2026 12:51:03 PM com.marriott.ui.tests.regressionTests.LookUpMemberNumberTest logger
INFO: Step-9: Click Look up member number link
Aug 17, 2026 12:51:03 PM com.marriott.ui.tests.regressionTests.LookUpMemberNumberTest logger
INFO: Step-10: Verify Look Up Member Number page object initialized
Aug 17, 2026 12:51:03 PM com.marriott.ui.tests.regressionTests.LookUpMemberNumberTest logger
INFO: Step-11: Verify Look Up Member Number heading is displayed
Aug 17, 2026 12:51:04 PM com.marriott.ui.tests.regressionTests.LookUpMemberNumberTest logger
INFO: Step-12: Verify Look Up Member Number heading text
Aug 17, 2026 12:51:04 PM com.marriott.ui.tests.regressionTests.LookUpMemberNumberTest logger
INFO: Step-13: Verify Email field is displayed
Aug 17, 2026 12:51:05 PM com.marriott.ui.tests.regressionTests.LookUpMemberNumberTest logger
INFO: Step-14: Verify Email field is enabled
Aug 17, 2026 12:51:05 PM com.marriott.ui.tests.regressionTests.LookUpMemberNumberTest logger
INFO: Step-15: Enter Email
Aug 17, 2026 12:51:06 PM com.marriott.ui.tests.regressionTests.LookUpMemberNumberTest logger
INFO: Step-16: Verify entered Email
Aug 17, 2026 12:51:06 PM com.marriott.ui.tests.regressionTests.LookUpMemberNumberTest logger
INFO: Step-17: Verify Email accepts maximum 80 characters
Aug 17, 2026 12:51:06 PM com.marriott.ui.tests.regressionTests.LookUpMemberNumberTest logger
INFO: Step-18: Verify First Name field is displayed
Aug 17, 2026 12:51:06 PM com.marriott.ui.tests.regressionTests.LookUpMemberNumberTest logger
INFO: Step-19: Verify First Name field is enabled
Aug 17, 2026 12:51:07 PM com.marriott.ui.tests.regressionTests.LookUpMemberNumberTest logger
INFO: Step-20: Enter First Name
Aug 17, 2026 12:51:09 PM com.marriott.ui.tests.regressionTests.LookUpMemberNumberTest logger
INFO: Step-21: Verify entered First Name
Aug 17, 2026 12:51:09 PM com.marriott.ui.tests.regressionTests.LookUpMemberNumberTest logger
INFO: Step-22: Verify First Name accepts maximum 20 characters
Aug 17, 2026 12:51:09 PM com.marriott.ui.tests.regressionTests.LookUpMemberNumberTest logger
INFO: Step-23: Verify Last Name field is displayed
Aug 17, 2026 12:51:09 PM com.marriott.ui.tests.regressionTests.LookUpMemberNumberTest logger
INFO: Step-24: Verify Last Name field is enabled
Aug 17, 2026 12:51:09 PM com.marriott.ui.tests.regressionTests.LookUpMemberNumberTest logger
INFO: Step-25: Enter Last Name
Aug 17, 2026 12:51:10 PM com.marriott.ui.tests.regressionTests.LookUpMemberNumberTest logger
INFO: Step-26: Verify entered Last Name
Aug 17, 2026 12:51:10 PM com.marriott.ui.tests.regressionTests.LookUpMemberNumberTest logger
INFO: Step-27: Verify Last Name accepts maximum 25 characters
Aug 17, 2026 12:51:10 PM com.marriott.ui.tests.regressionTests.LookUpMemberNumberTest logger
INFO: Step-28: Verify Submit button is displayed
Aug 17, 2026 12:51:11 PM com.marriott.ui.tests.regressionTests.LookUpMemberNumberTest logger
INFO: Step-29: Verify Submit button text
Aug 17, 2026 12:51:11 PM com.marriott.ui.tests.regressionTests.LookUpMemberNumberTest logger
INFO: Step-30: Verify Submit button is enabled
Aug 17, 2026 12:51:11 PM com.marriott.ui.tests.regressionTests.LookUpMemberNumberTest logger
INFO: Step-31: Click Submit button
Aug 17, 2026 12:51:14 PM com.marriott.ui.tests.regressionTests.LookUpMemberNumberTest logger
INFO: Step-32: Verify Contact Us link is displayed
Aug 17, 2026 12:51:14 PM com.marriott.ui.tests.regressionTests.LookUpMemberNumberTest logger
INFO: Step-33: Verify Contact Us link is enabled
]]></system-err>
  </testcase>
</testsuite>